<?xml version="1.0" encoding="UTF-8"?>
<testng-results ignored="0" total="1" passed="1" failed="0" skipped="0">
  <reporter-output>
  </reporter-output>
  <suite started-at="2021-03-25T12:52:39 IST" name="TestSuite" finished-at="2021-03-25T12:54:29 IST" duration-ms="110248">
    <groups>
    </groups>
    <test started-at="2021-03-25T12:52:39 IST" name="Test on 2 device- Test 2 " finished-at="2021-03-25T12:54:29 IST" duration-ms="110248">
      <class name="testSuite.VerifyProductDetailsTest">
        <test-method is-config="true" signature="beforeSuite()[pri:0, instance:testSuite.VerifyProductDetailsTest@41c2284a]" started-at="2021-03-25T12:52:39 IST" name="beforeSuite" finished-at="2021-03-25T12:52:39 IST" duration-ms="7" status="PASS">
          <reporter-output>
          </reporter-output>
        </test-method> <!-- beforeSuite -->
        <test-method is-config="true" signature="setUp(java.lang.String, java.lang.String, java.lang.String)[pri:0, instance:testSuite.VerifyProductDetailsTest@41c2284a]" started-at="2021-03-25T12:52:39 IST" name="setUp" finished-at="2021-03-25T12:52:56 IST" duration-ms="17372" status="PASS">
          <params>
            <param index="0">
              <value>
                <![CDATA[Android-device]]>
              </value>
            </param>
            <param index="1">
              <value>
                <![CDATA[10]]>
              </value>
            </param>
            <param index="2">
              <value>
                <![CDATA[2a64d2c13e047ece]]>
              </value>
            </param>
          </params>
          <reporter-output>
          </reporter-output>
        </test-method> <!-- setUp -->
        <test-method signature="verifyProductDetailsOnCheckoutScreen()[pri:1, instance:testSuite.VerifyProductDetailsTest@41c2284a]" started-at="2021-03-25T12:52:56 IST" name="verifyProductDetailsOnCheckoutScreen" finished-at="2021-03-25T12:54:29 IST" duration-ms="92848" status="PASS">
          <reporter-output>
          </reporter-output>
        </test-method> <!-- verifyProductDetailsOnCheckoutScreen -->
      </class> <!-- testSuite.VerifyProductDetailsTest -->
    </test> <!-- Test on 2 device- Test 2  -->
  </suite> <!-- TestSuite -->
</testng-results>
